<?xml version="1.0" encoding="UTF-8"?>
<testsuite name="br.ufpe.nti.SmartClockApplicationTests" tests="1" skipped="0" failures="0" errors="0" timestamp="2017-04-17T23:28:43" hostname="Wellingtons-iMac.local" time="0.065">
  <properties/>
  <testcase name="contextLoads" classname="br.ufpe.nti.SmartClockApplicationTests" time="0.065"/>
  <system-out><![CDATA[20:28:27.664 [Test worker] DEBUG org.springframework.test.context.junit4.SpringJUnit4ClassRunner - SpringJUnit4ClassRunner constructor called with [class br.ufpe.nti.SmartClockApplicationTests]
20:28:27.672 [Test worker] DEBUG org.springframework.test.context.BootstrapUtils - Instantiating CacheAwareContextLoaderDelegate from class [org.springframework.test.context.cache.DefaultCacheAwareContextLoaderDelegate]
20:28:27.683 [Test worker] DEBUG org.springframework.test.context.BootstrapUtils - Instantiating BootstrapContext using constructor [public org.springframework.test.context.support.DefaultBootstrapContext(java.lang.Class,org.springframework.test.context.CacheAwareContextLoaderDelegate)]
20:28:27.710 [Test worker] DEBUG org.springframework.test.context.BootstrapUtils - Instantiating TestContextBootstrapper for test class [br.ufpe.nti.SmartClockApplicationTests] from class [org.springframework.boot.test.context.SpringBootTestContextBootstrapper]
20:28:27.725 [Test worker] INFO org.springframework.boot.test.context.SpringBootTestContextBootstrapper - Neither @ContextConfiguration nor @ContextHierarchy found for test class [br.ufpe.nti.SmartClockApplicationTests], using SpringBootContextLoader
20:28:27.728 [Test worker] DEBUG org.springframework.test.context.support.AbstractContextLoader - Did not detect default resource location for test class [br.ufpe.nti.SmartClockApplicationTests]: class path resource [br/ufpe/nti/SmartClockApplicationTests-context.xml] does not exist
20:28:27.729 [Test worker] DEBUG org.springframework.test.context.support.AbstractContextLoader - Did not detect default resource location for test class [br.ufpe.nti.SmartClockApplicationTests]: class path resource [br/ufpe/nti/SmartClockApplicationTestsContext.groovy] does not exist
20:28:27.729 [Test worker] INFO org.springframework.test.context.support.AbstractContextLoader - Could not detect default resource locations for test class [br.ufpe.nti.SmartClockApplicationTests]: no resource found for suffixes {-context.xml, Context.groovy}.
20:28:27.730 [Test worker] INFO org.springframework.test.context.support.AnnotationConfigContextLoaderUtils - Could not detect default configuration classes for test class [br.ufpe.nti.SmartClockApplicationTests]: SmartClockApplicationTests does not declare any static, non-private, non-final, nested classes annotated with @Configuration.
20:28:27.802 [Test worker] DEBUG org.springframework.test.context.support.ActiveProfilesUtils - Could not find an 'annotation declaring class' for annotation type [org.springframework.test.context.ActiveProfiles] and class [br.ufpe.nti.SmartClockApplicationTests]
20:28:27.811 [Test worker] DEBUG org.springframework.core.env.StandardEnvironment - Adding [systemProperties] PropertySource with lowest search precedence
20:28:27.812 [Test worker] DEBUG org.springframework.core.env.StandardEnvironment - Adding [systemEnvironment] PropertySource with lowest search precedence
20:28:27.812 [Test worker] DEBUG org.springframework.core.env.StandardEnvironment - Initialized StandardEnvironment with PropertySources [systemProperties,systemEnvironment]
20:28:27.822 [Test worker] DEBUG org.springframework.core.io.support.PathMatchingResourcePatternResolver - Resolved classpath location [br/ufpe/nti/] to resources [URL [file:/Users/wellfelix/Desktop/Projeto%20NTI/smartclock/build/classes/test/br/ufpe/nti/], URL [file:/Users/wellfelix/Desktop/Projeto%20NTI/smartclock/build/classes/main/br/ufpe/nti/]]
20:28:27.823 [Test worker] DEBUG org.springframework.core.io.support.PathMatchingResourcePatternResolver - Looking for matching resources in directory tree [/Users/wellfelix/Desktop/Projeto NTI/smartclock/build/classes/test/br/ufpe/nti]
20:28:27.824 [Test worker] DEBUG org.springframework.core.io.support.PathMatchingResourcePatternResolver - Searching directory [/Users/wellfelix/Desktop/Projeto NTI/smartclock/build/classes/test/br/ufpe/nti] for files matching pattern [/Users/wellfelix/Desktop/Projeto NTI/smartclock/build/classes/test/br/ufpe/nti/*.class]
20:28:27.827 [Test worker] DEBUG org.springframework.core.io.support.PathMatchingResourcePatternResolver - Looking for matching resources in directory tree [/Users/wellfelix/Desktop/Projeto NTI/smartclock/build/classes/main/br/ufpe/nti]
20:28:27.828 [Test worker] DEBUG org.springframework.core.io.support.PathMatchingResourcePatternResolver - Searching directory [/Users/wellfelix/Desktop/Projeto NTI/smartclock/build/classes/main/br/ufpe/nti] for files matching pattern [/Users/wellfelix/Desktop/Projeto NTI/smartclock/build/classes/main/br/ufpe/nti/*.class]
20:28:27.829 [Test worker] DEBUG org.springframework.core.io.support.PathMatchingResourcePatternResolver - Resolved location pattern [classpath*:br/ufpe/nti/*.class] to resources [file [/Users/wellfelix/Desktop/Projeto NTI/smartclock/build/classes/test/br/ufpe/nti/SmartClockApplicationTests.class], file [/Users/wellfelix/Desktop/Projeto NTI/smartclock/build/classes/main/br/ufpe/nti/ServletInitializer.class], file [/Users/wellfelix/Desktop/Projeto NTI/smartclock/build/classes/main/br/ufpe/nti/SmartClockApplication.class]]
20:28:27.890 [Test worker] DEBUG org.springframework.context.annotation.ClassPathScanningCandidateComponentProvider - Identified candidate component class: file [/Users/wellfelix/Desktop/Projeto NTI/smartclock/build/classes/main/br/ufpe/nti/SmartClockApplication.class]
20:28:27.892 [Test worker] INFO org.springframework.boot.test.context.SpringBootTestContextBootstrapper - Found @SpringBootConfiguration br.ufpe.nti.SmartClockApplication for test class br.ufpe.nti.SmartClockApplicationTests
20:28:27.896 [Test worker] DEBUG org.springframework.boot.test.context.SpringBootTestContextBootstrapper - @TestExecutionListeners is not present for class [br.ufpe.nti.SmartClockApplicationTests]: using defaults.
20:28:27.901 [Test worker] INFO org.springframework.boot.test.context.SpringBootTestContextBootstrapper - Loaded default TestExecutionListener class names from location [META-INF/spring.factories]: [org.springframework.boot.test.mock.mockito.MockitoTestExecutionListener, org.springframework.boot.test.mock.mockito.ResetMocksTestExecutionListener, org.springframework.boot.test.autoconfigure.restdocs.RestDocsTestExecutionListener, org.springframework.boot.test.autoconfigure.web.client.MockRestServiceServerResetTestExecutionListener, org.springframework.boot.test.autoconfigure.web.servlet.MockMvcPrintOnlyOnFailureTestExecutionListener, org.springframework.boot.test.autoconfigure.web.servlet.WebDriverTestExecutionListener, org.springframework.test.context.web.ServletTestExecutionListener, org.springframework.test.context.support.DirtiesContextBeforeModesTestExecutionListener, org.springframework.test.context.support.DependencyInjectionTestExecutionListener, org.springframework.test.context.support.DirtiesContextTestExecutionListener, org.springframework.test.context.transaction.TransactionalTestExecutionListener, org.springframework.test.context.jdbc.SqlScriptsTestExecutionListener]
20:28:27.934 [Test worker] INFO org.springframework.boot.test.context.SpringBootTestContextBootstrapper - Using TestExecutionListeners: [org.springframework.test.context.web.ServletTestExecutionListener@4f74150c, org.springframework.test.context.support.DirtiesContextBeforeModesTestExecutionListener@4534386c, org.springframework.boot.test.autoconfigure.SpringBootDependencyInjectionTestExecutionListener@46bfda42, org.springframework.test.context.support.DirtiesContextTestExecutionListener@89e24fd, org.springframework.test.context.transaction.TransactionalTestExecutionListener@672d9c97, org.springframework.test.context.jdbc.SqlScriptsTestExecutionListener@3be2f46, org.springframework.boot.test.autoconfigure.web.servlet.MockMvcPrintOnlyOnFailureTestExecutionListener@3beb98b9, org.springframework.boot.test.autoconfigure.web.servlet.WebDriverTestExecutionListener@422bfaf5, org.springframework.boot.test.mock.mockito.MockitoTestExecutionListener@49690f03, org.springframework.boot.test.mock.mockito.ResetMocksTestExecutionListener@3bdfdd77, org.springframework.boot.test.autoconfigure.restdocs.RestDocsTestExecutionListener@5c16a4e5, org.springframework.boot.test.autoconfigure.web.client.MockRestServiceServerResetTestExecutionListener@417711c0]
20:28:27.938 [Test worker] DEBUG org.springframework.test.annotation.ProfileValueUtils - Retrieved @ProfileValueSourceConfiguration [null] for test class [br.ufpe.nti.SmartClockApplicationTests]
20:28:27.938 [Test worker] DEBUG org.springframework.test.annotation.ProfileValueUtils - Retrieved ProfileValueSource type [class org.springframework.test.annotation.SystemProfileValueSource] for class [br.ufpe.nti.SmartClockApplicationTests]
20:28:27.940 [Test worker] DEBUG org.springframework.test.annotation.ProfileValueUtils - Retrieved @ProfileValueSourceConfiguration [null] for test class [br.ufpe.nti.SmartClockApplicationTests]
20:28:27.940 [Test worker] DEBUG org.springframework.test.annotation.ProfileValueUtils - Retrieved ProfileValueSource type [class org.springframework.test.annotation.SystemProfileValueSource] for class [br.ufpe.nti.SmartClockApplicationTests]
20:28:27.945 [Test worker] DEBUG org.springframework.test.context.support.AbstractDirtiesContextTestExecutionListener - Before test class: context [DefaultTestContext@755c2d04 testClass = SmartClockApplicationTests, testInstance = [null], testMethod = [null], testException = [null], mergedContextConfiguration = [WebMergedContextConfiguration@2abd232a testClass = SmartClockApplicationTests, locations = '{}', classes = '{class br.ufpe.nti.SmartClockApplication}', contextInitializerClasses = '[]', activeProfiles = '{}', propertySourceLocations = '{}', propertySourceProperties = '{org.springframework.boot.test.context.SpringBootTestContextBootstrapper=true}', contextCustomizers = set[org.springframework.boot.test.context.SpringBootTestContextCustomizer@3ba0422e, org.springframework.boot.test.context.filter.ExcludeFilterContextCustomizer@7a595b26, org.springframework.boot.test.mock.mockito.MockitoContextCustomizer@0, org.springframework.boot.test.autoconfigure.properties.PropertyMappingContextCustomizer@0, org.springframework.boot.test.autoconfigure.web.servlet.WebDriverContextCustomizerFactory$Customizer@272ddfcf], resourceBasePath = 'src/main/webapp', contextLoader = 'org.springframework.boot.test.context.SpringBootContextLoader', parent = [null]]], class annotated with @DirtiesContext [false] with mode [null].
20:28:27.946 [Test worker] DEBUG org.springframework.test.annotation.ProfileValueUtils - Retrieved @ProfileValueSourceConfiguration [null] for test class [br.ufpe.nti.SmartClockApplicationTests]
20:28:27.947 [Test worker] DEBUG org.springframework.test.annotation.ProfileValueUtils - Retrieved ProfileValueSource type [class org.springframework.test.annotation.SystemProfileValueSource] for class [br.ufpe.nti.SmartClockApplicationTests]
20:28:28.014 [Test worker] DEBUG org.springframework.core.env.StandardEnvironment - Adding [systemProperties] PropertySource with lowest search precedence
20:28:28.014 [Test worker] DEBUG org.springframework.core.env.StandardEnvironment - Adding [systemEnvironment] PropertySource with lowest search precedence
20:28:28.015 [Test worker] DEBUG org.springframework.core.env.StandardEnvironment - Initialized StandardEnvironment with PropertySources [systemProperties,systemEnvironment]
20:28:28.017 [Test worker] DEBUG org.springframework.core.env.MutablePropertySources - Adding [inline] PropertySource with highest search precedence
20:28:28.022 [Test worker] DEBUG org.springframework.test.context.support.TestPropertySourceUtils - Adding inlined properties to environment: {spring.jmx.enabled=false, org.springframework.boot.test.context.SpringBootTestContextBootstrapper=true, server.port=-1}
20:28:28.023 [Test worker] DEBUG org.springframework.core.env.StandardEnvironment - Adding [Inlined Test Properties] PropertySource with highest search precedence

  .   ____          _            __ _ _
 /\\ / ___'_ __ _ _(_)_ __  __ _ \ \ \ \
( ( )\___ | '_ | '_| | '_ \/ _` | \ \ \ \
 \\/  ___)| |_)| | | | | || (_| |  ) ) ) )
  '  |____| .__|_| |_|_| |_\__, | / / / /
 =========|_|==============|___/=/_/_/_/
 :: Spring Boot ::        (v1.5.1.RELEASE)

2017-04-17 20:28:38.459  INFO 1165 --- [    Test worker] br.ufpe.nti.SmartClockApplicationTests   : Starting SmartClockApplicationTests on Wellingtons-iMac.local with PID 1165 (started by wellfelix in /Users/wellfelix/Desktop/Projeto NTI/smartclock)
2017-04-17 20:28:38.460  INFO 1165 --- [    Test worker] br.ufpe.nti.SmartClockApplicationTests   : No active profile set, falling back to default profiles: default
2017-04-17 20:28:38.498  INFO 1165 --- [    Test worker] o.s.w.c.s.GenericWebApplicationContext   : Refreshing org.springframework.web.context.support.GenericWebApplicationContext@5c754932: startup date [Mon Apr 17 20:28:38 BRT 2017]; root of context hierarchy
2017-04-17 20:28:39.627  INFO 1165 --- [    Test worker] f.a.AutowiredAnnotationBeanPostProcessor : JSR-330 'javax.inject.Inject' annotation found and supported for autowiring
2017-04-17 20:28:39.751  INFO 1165 --- [    Test worker] trationDelegate$BeanPostProcessorChecker : Bean 'org.springframework.boot.autoconfigure.validation.ValidationAutoConfiguration' of type [class org.springframework.boot.autoconfigure.validation.ValidationAutoConfiguration] is not eligible for getting processed by all BeanPostProcessors (for example: not eligible for auto-proxying)
2017-04-17 20:28:39.868  INFO 1165 --- [    Test worker] trationDelegate$BeanPostProcessorChecker : Bean 'validator' of type [class org.springframework.validation.beanvalidation.LocalValidatorFactoryBean] is not eligible for getting processed by all BeanPostProcessors (for example: not eligible for auto-proxying)
2017-04-17 20:28:39.920  INFO 1165 --- [    Test worker] trationDelegate$BeanPostProcessorChecker : Bean 'org.springframework.transaction.annotation.ProxyTransactionManagementConfiguration' of type [class org.springframework.transaction.annotation.ProxyTransactionManagementConfiguration$$EnhancerBySpringCGLIB$$83fc9090] is not eligible for getting processed by all BeanPostProcessors (for example: not eligible for auto-proxying)
2017-04-17 20:28:40.790  INFO 1165 --- [    Test worker] j.LocalContainerEntityManagerFactoryBean : Building JPA container EntityManagerFactory for persistence unit 'default'
2017-04-17 20:28:40.826  INFO 1165 --- [    Test worker] o.hibernate.jpa.internal.util.LogHelper  : HHH000204: Processing PersistenceUnitInfo [
	name: default
	...]
2017-04-17 20:28:40.954  INFO 1165 --- [    Test worker] org.hibernate.Version                    : HHH000412: Hibernate Core {5.0.11.Final}
2017-04-17 20:28:40.957  INFO 1165 --- [    Test worker] org.hibernate.cfg.Environment            : HHH000206: hibernate.properties not found
2017-04-17 20:28:40.959  INFO 1165 --- [    Test worker] org.hibernate.cfg.Environment            : HHH000021: Bytecode provider name : javassist
2017-04-17 20:28:41.008  INFO 1165 --- [    Test worker] o.hibernate.annotations.common.Version   : HCANN000001: Hibernate Commons Annotations {5.0.1.Final}
2017-04-17 20:28:41.340  INFO 1165 --- [    Test worker] org.hibernate.dialect.Dialect            : HHH000400: Using dialect: org.hibernate.dialect.H2Dialect
2017-04-17 20:28:41.898  INFO 1165 --- [    Test worker] org.hibernate.tool.hbm2ddl.SchemaExport  : HHH000227: Running hbm2ddl schema export
Hibernate: drop table clock if exists
Hibernate: create table clock (id bigint generated by default as identity, angle double, created_at timestamp not null, clock_time binary(255) not null, primary key (id))
2017-04-17 20:28:41.907  INFO 1165 --- [    Test worker] org.hibernate.tool.hbm2ddl.SchemaExport  : HHH000230: Schema export complete
2017-04-17 20:28:41.943  INFO 1165 --- [    Test worker] j.LocalContainerEntityManagerFactoryBean : Initialized JPA EntityManagerFactory for persistence unit 'default'
2017-04-17 20:28:42.856  INFO 1165 --- [    Test worker] s.w.s.m.m.a.RequestMappingHandlerAdapter : Looking for @ControllerAdvice: org.springframework.web.context.support.GenericWebApplicationContext@5c754932: startup date [Mon Apr 17 20:28:38 BRT 2017]; root of context hierarchy
2017-04-17 20:28:42.976  INFO 1165 --- [    Test worker] s.w.s.m.m.a.RequestMappingHandlerMapping : Mapped "{[/clock],methods=[GET]}" onto public br.ufpe.nti.model.Clock br.ufpe.nti.controller.ClockController.GetAngleRequest()
2017-04-17 20:28:42.978  INFO 1165 --- [    Test worker] s.w.s.m.m.a.RequestMappingHandlerMapping : Mapped "{[/clock],methods=[POST]}" onto public br.ufpe.nti.model.Clock br.ufpe.nti.controller.ClockController.PostAngleRequest(java.lang.String)
2017-04-17 20:28:42.978  INFO 1165 --- [    Test worker] s.w.s.m.m.a.RequestMappingHandlerMapping : Mapped "{[/clockhistory],methods=[GET]}" onto public java.util.List<br.ufpe.nti.model.Clock> br.ufpe.nti.controller.ClockController.GetHistory()
2017-04-17 20:28:42.979  INFO 1165 --- [    Test worker] s.w.s.m.m.a.RequestMappingHandlerMapping : Mapped "{[/clockhistory/{id}],methods=[GET]}" onto public br.ufpe.nti.model.Clock br.ufpe.nti.controller.ClockController.GetClockById(int)
2017-04-17 20:28:42.983  INFO 1165 --- [    Test worker] s.w.s.m.m.a.RequestMappingHandlerMapping : Mapped "{[/error]}" onto public org.springframework.http.ResponseEntity<java.util.Map<java.lang.String, java.lang.Object>> org.springframework.boot.autoconfigure.web.BasicErrorController.error(javax.servlet.http.HttpServletRequest)
2017-04-17 20:28:42.983  INFO 1165 --- [    Test worker] s.w.s.m.m.a.RequestMappingHandlerMapping : Mapped "{[/error],produces=[text/html]}" onto public org.springframework.web.servlet.ModelAndView org.springframework.boot.autoconfigure.web.BasicErrorController.errorHtml(javax.servlet.http.HttpServletRequest,javax.servlet.http.HttpServletResponse)
2017-04-17 20:28:43.057  INFO 1165 --- [    Test worker] o.s.w.s.handler.SimpleUrlHandlerMapping  : Mapped URL path [/webjars/**] onto handler of type [class org.springframework.web.servlet.resource.ResourceHttpRequestHandler]
2017-04-17 20:28:43.057  INFO 1165 --- [    Test worker] o.s.w.s.handler.SimpleUrlHandlerMapping  : Mapped URL path [/**] onto handler of type [class org.springframework.web.servlet.resource.ResourceHttpRequestHandler]
2017-04-17 20:28:43.113  INFO 1165 --- [    Test worker] o.s.w.s.handler.SimpleUrlHandlerMapping  : Mapped URL path [/**/favicon.ico] onto handler of type [class org.springframework.web.servlet.resource.ResourceHttpRequestHandler]
2017-04-17 20:28:43.148  INFO 1165 --- [    Test worker] oConfiguration$WelcomePageHandlerMapping : Adding welcome page: ServletContext resource [/index.html]
2017-04-17 20:28:43.502  INFO 1165 --- [    Test worker] br.ufpe.nti.SmartClockApplicationTests   : Started SmartClockApplicationTests in 15.464 seconds (JVM running for 16.892)
]]></system-out>
  <system-err><![CDATA[]]></system-err>
</testsuite>
